This is pdfTeX, Version 3.1415926-2.4-1.40.13 (TeX Live 2012) (format=pdflatex 2013.2.11)  13 MAY 2014 16:22
entering extended mode
 restricted \write18 enabled.
 %&-line parsing enabled.
**report.tex
(./report.tex
LaTeX2e <2011/06/27>
Babel <v3.8m> and hyphenation patterns for english, dumylang, nohyphenation, ge
rman-x-2012-05-30, ngerman-x-2012-05-30, afrikaans, ancientgreek, ibycus, arabi
c, armenian, basque, bulgarian, catalan, pinyin, coptic, croatian, czech, danis
h, dutch, ukenglish, usenglishmax, esperanto, estonian, ethiopic, farsi, finnis
h, french, friulan, galician, german, ngerman, swissgerman, monogreek, greek, h
ungarian, icelandic, assamese, bengali, gujarati, hindi, kannada, malayalam, ma
rathi, oriya, panjabi, tamil, telugu, indonesian, interlingua, irish, italian, 
kurmanji, latin, latvian, lithuanian, mongolian, mongolianlmc, bokmal, nynorsk,
 polish, portuguese, romanian, romansh, russian, sanskrit, serbian, serbianc, s
lovak, slovenian, spanish, swedish, turkish, turkmen, ukrainian, uppersorbian, 
welsh, loaded.

(/nfs4/merkurius.ita.chalmers.se/sw/unsup/texlive-2012/texlive/texmf-dist/tex/l
atex/base/article.cls
Document Class: article 2007/10/19 v1.4h Standard LaTeX document class

(/nfs4/merkurius.ita.chalmers.se/sw/unsup/texlive-2012/texlive/texmf-dist/tex/l
atex/base/size11.clo
File: size11.clo 2007/10/19 v1.4h Standard LaTeX file (size option)
)
\c@part=\count79
\c@section=\count80
\c@subsection=\count81
\c@subsubsection=\count82
\c@paragraph=\count83
\c@subparagraph=\count84
\c@figure=\count85
\c@table=\count86
\abovecaptionskip=\skip41
\belowcaptionskip=\skip42
\bibindent=\dimen102
)
(/nfs4/merkurius.ita.chalmers.se/sw/unsup/texlive-2012/texlive/texmf-dist/tex/l
atex/etoolbox/etoolbox.sty
Package: etoolbox 2011/01/03 v2.1 e-TeX tools for LaTeX

(/nfs4/merkurius.ita.chalmers.se/sw/unsup/texlive-2012/texlive/texmf-dist/tex/l
atex/etex-pkg/etex.sty
Package: etex 1998/03/26 v2.0 eTeX basic definition package (PEB)
\et@xins=\count87
)
\etb@tempcnta=\count88
)
(/nfs4/merkurius.ita.chalmers.se/sw/unsup/texlive-2012/texlive/texmf-dist/tex/l
atex/base/inputenc.sty
Package: inputenc 2008/03/30 v1.1d Input encoding file
\inpenc@prehook=\toks14
\inpenc@posthook=\toks15

(/nfs4/merkurius.ita.chalmers.se/sw/unsup/texlive-2012/texlive/texmf-dist/tex/l
atex/base/utf8.def
File: utf8.def 2008/04/05 v1.1m UTF-8 support for inputenc
Now handling font encoding OML ...
... no UTF-8 mapping file for font encoding OML
Now handling font encoding T1 ...
... processing UTF-8 mapping file for font encoding T1

(/nfs4/merkurius.ita.chalmers.se/sw/unsup/texlive-2012/texlive/texmf-dist/tex/l
atex/base/t1enc.dfu
File: t1enc.dfu 2008/04/05 v1.1m UTF-8 support for inputenc
   defining Unicode char U+00A1 (decimal 161)
   defining Unicode char U+00A3 (decimal 163)
   defining Unicode char U+00AB (decimal 171)
   defining Unicode char U+00BB (decimal 187)
   defining Unicode char U+00BF (decimal 191)
   defining Unicode char U+00C0 (decimal 192)
   defining Unicode char U+00C1 (decimal 193)
   defining Unicode char U+00C2 (decimal 194)
   defining Unicode char U+00C3 (decimal 195)
   defining Unicode char U+00C4 (decimal 196)
   defining Unicode char U+00C5 (decimal 197)
   defining Unicode char U+00C6 (decimal 198)
   defining Unicode char U+00C7 (decimal 199)
   defining Unicode char U+00C8 (decimal 200)
   defining Unicode char U+00C9 (decimal 201)
   defining Unicode char U+00CA (decimal 202)
   defining Unicode char U+00CB (decimal 203)
   defining Unicode char U+00CC (decimal 204)
   defining Unicode char U+00CD (decimal 205)
   defining Unicode char U+00CE (decimal 206)
   defining Unicode char U+00CF (decimal 207)
   defining Unicode char U+00D0 (decimal 208)
   defining Unicode char U+00D1 (decimal 209)
   defining Unicode char U+00D2 (decimal 210)
   defining Unicode char U+00D3 (decimal 211)
   defining Unicode char U+00D4 (decimal 212)
   defining Unicode char U+00D5 (decimal 213)
   defining Unicode char U+00D6 (decimal 214)
   defining Unicode char U+00D8 (decimal 216)
   defining Unicode char U+00D9 (decimal 217)
   defining Unicode char U+00DA (decimal 218)
   defining Unicode char U+00DB (decimal 219)
   defining Unicode char U+00DC (decimal 220)
   defining Unicode char U+00DD (decimal 221)
   defining Unicode char U+00DE (decimal 222)
   defining Unicode char U+00DF (decimal 223)
   defining Unicode char U+00E0 (decimal 224)
   defining Unicode char U+00E1 (decimal 225)
   defining Unicode char U+00E2 (decimal 226)
   defining Unicode char U+00E3 (decimal 227)
   defining Unicode char U+00E4 (decimal 228)
   defining Unicode char U+00E5 (decimal 229)
   defining Unicode char U+00E6 (decimal 230)
   defining Unicode char U+00E7 (decimal 231)
   defining Unicode char U+00E8 (decimal 232)
   defining Unicode char U+00E9 (decimal 233)
   defining Unicode char U+00EA (decimal 234)
   defining Unicode char U+00EB (decimal 235)
   defining Unicode char U+00EC (decimal 236)
   defining Unicode char U+00ED (decimal 237)
   defining Unicode char U+00EE (decimal 238)
   defining Unicode char U+00EF (decimal 239)
   defining Unicode char U+00F0 (decimal 240)
   defining Unicode char U+00F1 (decimal 241)
   defining Unicode char U+00F2 (decimal 242)
   defining Unicode char U+00F3 (decimal 243)
   defining Unicode char U+00F4 (decimal 244)
   defining Unicode char U+00F5 (decimal 245)
   defining Unicode char U+00F6 (decimal 246)
   defining Unicode char U+00F8 (decimal 248)
   defining Unicode char U+00F9 (decimal 249)
   defining Unicode char U+00FA (decimal 250)
   defining Unicode char U+00FB (decimal 251)
   defining Unicode char U+00FC (decimal 252)
   defining Unicode char U+00FD (decimal 253)
   defining Unicode char U+00FE (decimal 254)
   defining Unicode char U+00FF (decimal 255)
   defining Unicode char U+0102 (decimal 258)
   defining Unicode char U+0103 (decimal 259)
   defining Unicode char U+0104 (decimal 260)
   defining Unicode char U+0105 (decimal 261)
   defining Unicode char U+0106 (decimal 262)
   defining Unicode char U+0107 (decimal 263)
   defining Unicode char U+010C (decimal 268)
   defining Unicode char U+010D (decimal 269)
   defining Unicode char U+010E (decimal 270)
   defining Unicode char U+010F (decimal 271)
   defining Unicode char U+0110 (decimal 272)
   defining Unicode char U+0111 (decimal 273)
   defining Unicode char U+0118 (decimal 280)
   defining Unicode char U+0119 (decimal 281)
   defining Unicode char U+011A (decimal 282)
   defining Unicode char U+011B (decimal 283)
   defining Unicode char U+011E (decimal 286)
   defining Unicode char U+011F (decimal 287)
   defining Unicode char U+0130 (decimal 304)
   defining Unicode char U+0131 (decimal 305)
   defining Unicode char U+0132 (decimal 306)
   defining Unicode char U+0133 (decimal 307)
   defining Unicode char U+0139 (decimal 313)
   defining Unicode char U+013A (decimal 314)
   defining Unicode char U+013D (decimal 317)
   defining Unicode char U+013E (decimal 318)
   defining Unicode char U+0141 (decimal 321)
   defining Unicode char U+0142 (decimal 322)
   defining Unicode char U+0143 (decimal 323)
   defining Unicode char U+0144 (decimal 324)
   defining Unicode char U+0147 (decimal 327)
   defining Unicode char U+0148 (decimal 328)
   defining Unicode char U+014A (decimal 330)
   defining Unicode char U+014B (decimal 331)
   defining Unicode char U+0150 (decimal 336)
   defining Unicode char U+0151 (decimal 337)
   defining Unicode char U+0152 (decimal 338)
   defining Unicode char U+0153 (decimal 339)
   defining Unicode char U+0154 (decimal 340)
   defining Unicode char U+0155 (decimal 341)
   defining Unicode char U+0158 (decimal 344)
   defining Unicode char U+0159 (decimal 345)
   defining Unicode char U+015A (decimal 346)
   defining Unicode char U+015B (decimal 347)
   defining Unicode char U+015E (decimal 350)
   defining Unicode char U+015F (decimal 351)
   defining Unicode char U+0160 (decimal 352)
   defining Unicode char U+0161 (decimal 353)
   defining Unicode char U+0162 (decimal 354)
   defining Unicode char U+0163 (decimal 355)
   defining Unicode char U+0164 (decimal 356)
   defining Unicode char U+0165 (decimal 357)
   defining Unicode char U+016E (decimal 366)
   defining Unicode char U+016F (decimal 367)
   defining Unicode char U+0170 (decimal 368)
   defining Unicode char U+0171 (decimal 369)
   defining Unicode char U+0178 (decimal 376)
   defining Unicode char U+0179 (decimal 377)
   defining Unicode char U+017A (decimal 378)
   defining Unicode char U+017B (decimal 379)
   defining Unicode char U+017C (decimal 380)
   defining Unicode char U+017D (decimal 381)
   defining Unicode char U+017E (decimal 382)
   defining Unicode char U+200C (decimal 8204)
   defining Unicode char U+2013 (decimal 8211)
   defining Unicode char U+2014 (decimal 8212)
   defining Unicode char U+2018 (decimal 8216)
   defining Unicode char U+2019 (decimal 8217)
   defining Unicode char U+201A (decimal 8218)
   defining Unicode char U+201C (decimal 8220)
   defining Unicode char U+201D (decimal 8221)
   defining Unicode char U+201E (decimal 8222)
   defining Unicode char U+2030 (decimal 8240)
   defining Unicode char U+2031 (decimal 8241)
   defining Unicode char U+2039 (decimal 8249)
   defining Unicode char U+203A (decimal 8250)
   defining Unicode char U+2423 (decimal 9251)
)
Now handling font encoding OT1 ...
... processing UTF-8 mapping file for font encoding OT1

(/nfs4/merkurius.ita.chalmers.se/sw/unsup/texlive-2012/texlive/texmf-dist/tex/l
atex/base/ot1enc.dfu
File: ot1enc.dfu 2008/04/05 v1.1m UTF-8 support for inputenc
   defining Unicode char U+00A1 (decimal 161)
   defining Unicode char U+00A3 (decimal 163)
   defining Unicode char U+00B8 (decimal 184)
   defining Unicode char U+00BF (decimal 191)
   defining Unicode char U+00C5 (decimal 197)
   defining Unicode char U+00C6 (decimal 198)
   defining Unicode char U+00D8 (decimal 216)
   defining Unicode char U+00DF (decimal 223)
   defining Unicode char U+00E6 (decimal 230)
   defining Unicode char U+00EC (decimal 236)
   defining Unicode char U+00ED (decimal 237)
   defining Unicode char U+00EE (decimal 238)
   defining Unicode char U+00EF (decimal 239)
   defining Unicode char U+00F8 (decimal 248)
   defining Unicode char U+0131 (decimal 305)
   defining Unicode char U+0141 (decimal 321)
   defining Unicode char U+0142 (decimal 322)
   defining Unicode char U+0152 (decimal 338)
   defining Unicode char U+0153 (decimal 339)
   defining Unicode char U+2013 (decimal 8211)
   defining Unicode char U+2014 (decimal 8212)
   defining Unicode char U+2018 (decimal 8216)
   defining Unicode char U+2019 (decimal 8217)
   defining Unicode char U+201C (decimal 8220)
   defining Unicode char U+201D (decimal 8221)
)
Now handling font encoding OMS ...
... processing UTF-8 mapping file for font encoding OMS

(/nfs4/merkurius.ita.chalmers.se/sw/unsup/texlive-2012/texlive/texmf-dist/tex/l
atex/base/omsenc.dfu
File: omsenc.dfu 2008/04/05 v1.1m UTF-8 support for inputenc
   defining Unicode char U+00A7 (decimal 167)
   defining Unicode char U+00B6 (decimal 182)
   defining Unicode char U+00B7 (decimal 183)
   defining Unicode char U+2020 (decimal 8224)
   defining Unicode char U+2021 (decimal 8225)
   defining Unicode char U+2022 (decimal 8226)
)
Now handling font encoding OMX ...
... no UTF-8 mapping file for font encoding OMX
Now handling font encoding U ...
... no UTF-8 mapping file for font encoding U
   defining Unicode char U+00A9 (decimal 169)
   defining Unicode char U+00AA (decimal 170)
   defining Unicode char U+00AE (decimal 174)
   defining Unicode char U+00BA (decimal 186)
   defining Unicode char U+02C6 (decimal 710)
   defining Unicode char U+02DC (decimal 732)
   defining Unicode char U+200C (decimal 8204)
   defining Unicode char U+2026 (decimal 8230)
   defining Unicode char U+2122 (decimal 8482)
   defining Unicode char U+2423 (decimal 9251)
))
(/nfs4/merkurius.ita.chalmers.se/sw/unsup/texlive-2012/texlive/texmf-dist/tex/l
atex/microtype/microtype.sty
Package: microtype 2010/01/10 v2.4 Micro-typography with pdfTeX (RS)

(/nfs4/merkurius.ita.chalmers.se/sw/unsup/texlive-2012/texlive/texmf-dist/tex/l
atex/graphics/keyval.sty
Package: keyval 1999/03/16 v1.13 key=value parser (DPC)
\KV@toks@=\toks16
)
\MT@toks=\toks17
\MT@count=\count89
LaTeX Info: Redefining \lsstyle on input line 1597.
LaTeX Info: Redefining \lslig on input line 1597.
\MT@outer@space=\skip43
LaTeX Info: Redefining \textls on input line 1605.
\MT@outer@kern=\dimen103
LaTeX Info: Redefining \textmicrotypecontext on input line 2156.
Package microtype Info: Loading configuration file microtype.cfg.

(/nfs4/merkurius.ita.chalmers.se/sw/unsup/texlive-2012/texlive/texmf-dist/tex/l
atex/microtype/microtype.cfg
File: microtype.cfg 2010/01/10 v2.4 microtype main configuration file (RS)
))
(/nfs4/merkurius.ita.chalmers.se/sw/unsup/texlive-2012/texlive/texmf-dist/tex/l
atex/hyperref/hyperref.sty
Package: hyperref 2012/11/06 v6.83m Hypertext links for LaTeX

(/nfs4/merkurius.ita.chalmers.se/sw/unsup/texlive-2012/texlive/texmf-dist/tex/g
eneric/oberdiek/hobsub-hyperref.sty
Package: hobsub-hyperref 2012/05/28 v1.13 Bundle oberdiek, subset hyperref (HO)


(/nfs4/merkurius.ita.chalmers.se/sw/unsup/texlive-2012/texlive/texmf-dist/tex/g
eneric/oberdiek/hobsub-generic.sty
Package: hobsub-generic 2012/05/28 v1.13 Bundle oberdiek, subset generic (HO)
Package: hobsub 2012/05/28 v1.13 Construct package bundles (HO)
Package: infwarerr 2010/04/08 v1.3 Providing info/warning/error messages (HO)
Package: ltxcmds 2011/11/09 v1.22 LaTeX kernel commands for general use (HO)
Package: ifluatex 2010/03/01 v1.3 Provides the ifluatex switch (HO)
Package ifluatex Info: LuaTeX not detected.
Package: ifvtex 2010/03/01 v1.5 Detect VTeX and its facilities (HO)
Package ifvtex Info: VTeX not detected.
Package: intcalc 2007/09/27 v1.1 Expandable calculations with integers (HO)
Package: ifpdf 2011/01/30 v2.3 Provides the ifpdf switch (HO)
Package ifpdf Info: pdfTeX in PDF mode is detected.
Package: etexcmds 2011/02/16 v1.5 Avoid name clashes with e-TeX commands (HO)
Package etexcmds Info: Could not find \expanded.
(etexcmds)             That can mean that you are not using pdfTeX 1.50 or
(etexcmds)             that some package has redefined \expanded.
(etexcmds)             In the latter case, load this package earlier.
Package: kvsetkeys 2012/04/25 v1.16 Key value parser (HO)
Package: kvdefinekeys 2011/04/07 v1.3 Define keys (HO)
Package: pdftexcmds 2011/11/29 v0.20 Utility functions of pdfTeX for LuaTeX (HO
)
Package pdftexcmds Info: LuaTeX not detected.
Package pdftexcmds Info: \pdf@primitive is available.
Package pdftexcmds Info: \pdf@ifprimitive is available.
Package pdftexcmds Info: \pdfdraftmode found.
Package: pdfescape 2011/11/25 v1.13 Implements pdfTeX's escape features (HO)
Package: bigintcalc 2012/04/08 v1.3 Expandable calculations on big integers (HO
)
Package: bitset 2011/01/30 v1.1 Handle bit-vector datatype (HO)
Package: uniquecounter 2011/01/30 v1.2 Provide unlimited unique counter (HO)
)
Package hobsub Info: Skipping package `hobsub' (already loaded).
Package: letltxmacro 2010/09/02 v1.4 Let assignment for LaTeX macros (HO)
Package: hopatch 2012/05/28 v1.2 Wrapper for package hooks (HO)
Package: xcolor-patch 2011/01/30 xcolor patch
Package: atveryend 2011/06/30 v1.8 Hooks at the very end of document (HO)
Package: atbegshi 2011/10/05 v1.16 At begin shipout hook (HO)
Package: refcount 2011/10/16 v3.4 Data extraction from label references (HO)
Package: hycolor 2011/01/30 v1.7 Color options for hyperref/bookmark (HO)
)
(/nfs4/merkurius.ita.chalmers.se/sw/unsup/texlive-2012/texlive/texmf-dist/tex/g
eneric/ifxetex/ifxetex.sty
Package: ifxetex 2010/09/12 v0.6 Provides ifxetex conditional
)
(/nfs4/merkurius.ita.chalmers.se/sw/unsup/texlive-2012/texlive/texmf-dist/tex/l
atex/oberdiek/auxhook.sty
Package: auxhook 2011/03/04 v1.3 Hooks for auxiliary files (HO)
)
(/nfs4/merkurius.ita.chalmers.se/sw/unsup/texlive-2012/texlive/texmf-dist/tex/l
atex/oberdiek/kvoptions.sty
Package: kvoptions 2011/06/30 v3.11 Key value format for package options (HO)
)
\@linkdim=\dimen104
\Hy@linkcounter=\count90
\Hy@pagecounter=\count91

(/nfs4/merkurius.ita.chalmers.se/sw/unsup/texlive-2012/texlive/texmf-dist/tex/l
atex/hyperref/pd1enc.def
File: pd1enc.def 2012/11/06 v6.83m Hyperref: PDFDocEncoding definition (HO)
Now handling font encoding PD1 ...
... no UTF-8 mapping file for font encoding PD1
)
\Hy@SavedSpaceFactor=\count92

(/nfs4/merkurius.ita.chalmers.se/sw/unsup/texlive-2012/texlive/texmf-dist/tex/l
atex/latexconfig/hyperref.cfg
File: hyperref.cfg 2002/06/06 v1.2 hyperref configuration of TeXLive
)
Package hyperref Info: Hyper figures OFF on input line 4443.
Package hyperref Info: Link nesting OFF on input line 4448.
Package hyperref Info: Hyper index ON on input line 4451.
Package hyperref Info: Plain pages OFF on input line 4458.
Package hyperref Info: Backreferencing OFF on input line 4463.
Package hyperref Info: Implicit mode ON; LaTeX internals redefined.
Package hyperref Info: Bookmarks ON on input line 4688.
\c@Hy@tempcnt=\count93

(/nfs4/merkurius.ita.chalmers.se/sw/unsup/texlive-2012/texlive/texmf-dist/tex/l
atex/url/url.sty
\Urlmuskip=\muskip10
Package: url 2006/04/12  ver 3.3  Verb mode for urls, etc.
)
LaTeX Info: Redefining \url on input line 5041.
\XeTeXLinkMargin=\dimen105
\Fld@menulength=\count94
\Field@Width=\dimen106
\Fld@charsize=\dimen107
Package hyperref Info: Hyper figures OFF on input line 6295.
Package hyperref Info: Link nesting OFF on input line 6300.
Package hyperref Info: Hyper index ON on input line 6303.
Package hyperref Info: backreferencing OFF on input line 6310.
Package hyperref Info: Link coloring OFF on input line 6315.
Package hyperref Info: Link coloring with OCG OFF on input line 6320.
Package hyperref Info: PDF/A mode OFF on input line 6325.
LaTeX Info: Redefining \ref on input line 6365.
LaTeX Info: Redefining \pageref on input line 6369.
\Hy@abspage=\count95
\c@Item=\count96
\c@Hfootnote=\count97
)

Package hyperref Message: Driver: hpdftex.


(/nfs4/merkurius.ita.chalmers.se/sw/unsup/texlive-2012/texlive/texmf-dist/tex/l
atex/hyperref/hpdftex.def
File: hpdftex.def 2012/11/06 v6.83m Hyperref driver for pdfTeX
\Fld@listcount=\count98
\c@bookmark@seq@number=\count99

(/nfs4/merkurius.ita.chalmers.se/sw/unsup/texlive-2012/texlive/texmf-dist/tex/l
atex/oberdiek/rerunfilecheck.sty
Package: rerunfilecheck 2011/04/15 v1.7 Rerun checks for auxiliary files (HO)
Package uniquecounter Info: New unique counter `rerunfilecheck' on input line 2
82.
)
\Hy@SectionHShift=\skip44
)
(/nfs4/merkurius.ita.chalmers.se/sw/unsup/texlive-2012/texlive/texmf-dist/tex/g
eneric/babel/babel.sty
Package: babel 2008/07/08 v3.8m The Babel package

(/nfs4/merkurius.ita.chalmers.se/sw/unsup/texlive-2012/texlive/texmf-dist/tex/g
eneric/babel/english.ldf
Language: english 2005/03/30 v3.3o English support from the babel system

(/nfs4/merkurius.ita.chalmers.se/sw/unsup/texlive-2012/texlive/texmf-dist/tex/g
eneric/babel/babel.def
File: babel.def 2008/07/08 v3.8m Babel common definitions
\babel@savecnt=\count100
\U@D=\dimen108
)
\l@canadian = a dialect from \language\l@american 
\l@australian = a dialect from \language\l@british 
\l@newzealand = a dialect from \language\l@british 
))
(/nfs4/merkurius.ita.chalmers.se/sw/unsup/texlive-2012/texlive/texmf-dist/tex/l
atex/base/fontenc.sty
Package: fontenc 2005/09/27 v1.99g Standard LaTeX package

(/nfs4/merkurius.ita.chalmers.se/sw/unsup/texlive-2012/texlive/texmf-dist/tex/l
atex/base/t1enc.def
File: t1enc.def 2005/09/27 v1.99g Standard LaTeX file
LaTeX Font Info:    Redeclaring font encoding T1 on input line 43.
))
(/nfs4/merkurius.ita.chalmers.se/sw/unsup/texlive-2012/texlive/texmf-dist/tex/l
atex/geometry/geometry.sty
Package: geometry 2010/09/12 v5.6 Page Geometry
\Gm@cnth=\count101
\Gm@cntv=\count102
\c@Gm@tempcnt=\count103
\Gm@bindingoffset=\dimen109
\Gm@wd@mp=\dimen110
\Gm@odd@mp=\dimen111
\Gm@even@mp=\dimen112
\Gm@layoutwidth=\dimen113
\Gm@layoutheight=\dimen114
\Gm@layouthoffset=\dimen115
\Gm@layoutvoffset=\dimen116
\Gm@dimlist=\toks18
)
(/nfs4/merkurius.ita.chalmers.se/sw/unsup/texlive-2012/texlive/texmf-dist/tex/l
atex/fancyhdr/fancyhdr.sty
\fancy@headwidth=\skip45
\f@ncyO@elh=\skip46
\f@ncyO@erh=\skip47
\f@ncyO@olh=\skip48
\f@ncyO@orh=\skip49
\f@ncyO@elf=\skip50
\f@ncyO@erf=\skip51
\f@ncyO@olf=\skip52
\f@ncyO@orf=\skip53
)
(/nfs4/merkurius.ita.chalmers.se/sw/unsup/texlive-2012/texlive/texmf-dist/tex/l
atex/csquotes/csquotes.sty
Package: csquotes 2011/10/22 v5.1d context-sensitive quotations
\csq@reset=\count104
\csq@gtype=\count105
\csq@glevel=\count106
\csq@qlevel=\count107
\csq@maxlvl=\count108
\csq@tshold=\count109
\csq@ltx@everypar=\toks19

(/nfs4/merkurius.ita.chalmers.se/sw/unsup/texlive-2012/texlive/texmf-dist/tex/l
atex/csquotes/csquotes.def
File: csquotes.def 2011/10/22 v5.1d csquotes generic definitions
)
Package csquotes Info: Trying to load configuration file 'csquotes.cfg'...
Package csquotes Info: ... configuration file loaded successfully.

(/nfs4/merkurius.ita.chalmers.se/sw/unsup/texlive-2012/texlive/texmf-dist/tex/l
atex/csquotes/csquotes.cfg
File: csquotes.cfg 
))
(/nfs4/merkurius.ita.chalmers.se/sw/unsup/texlive-2012/texlive/texmf-dist/tex/l
atex/biblatex/biblatex.sty
Package: biblatex 2013/01/10 v2.5 programmable bibliographies (PK/JW/AB)

(/nfs4/merkurius.ita.chalmers.se/sw/unsup/texlive-2012/texlive/texmf-dist/tex/l
atex/biblatex/biblatex2.sty
Package: biblatex2 2013/01/10 v2.5 programmable bibliographies (biber) (PK/JW/A
B)

(/nfs4/merkurius.ita.chalmers.se/sw/unsup/texlive-2012/texlive/texmf-dist/tex/l
atex/logreq/logreq.sty
Package: logreq 2010/08/04 v1.0 xml request logger
\lrq@indent=\count110

(/nfs4/merkurius.ita.chalmers.se/sw/unsup/texlive-2012/texlive/texmf-dist/tex/l
atex/logreq/logreq.def
File: logreq.def 2010/08/04 v1.0 logreq spec v1.0
))
(/nfs4/merkurius.ita.chalmers.se/sw/unsup/texlive-2012/texlive/texmf-dist/tex/l
atex/base/ifthen.sty
Package: ifthen 2001/05/26 v1.1c Standard LaTeX ifthen package (DPC)
)
\c@tabx@nest=\count111
\c@listtotal=\count112
\c@listcount=\count113
\c@liststart=\count114
\c@liststop=\count115
\c@citecount=\count116
\c@citetotal=\count117
\c@multicitecount=\count118
\c@multicitetotal=\count119
\c@instcount=\count120
\c@maxnames=\count121
\c@minnames=\count122
\c@maxitems=\count123
\c@minitems=\count124
\c@citecounter=\count125
\c@savedcitecounter=\count126
\c@uniquelist=\count127
\c@uniquename=\count128
\c@refsection=\count129
\c@refsegment=\count130
\c@maxextratitle=\count131
\c@maxextratitleyear=\count132
\c@maxextrayear=\count133
\c@maxextraalpha=\count134
\c@abbrvpenalty=\count135
\c@highnamepenalty=\count136
\c@lownamepenalty=\count137
\c@maxparens=\count138
\c@parenlevel=\count139
\blx@tempcnta=\count140
\blx@tempcntb=\count141
\blx@tempcntc=\count142
\blx@maxsection=\count143
\blx@maxsegment@0=\count144
\blx@notetype=\count145
\blx@parenlevel@text=\count146
\blx@parenlevel@foot=\count147
\blx@sectionciteorder@0=\count148
\labelnumberwidth=\skip54
\labelalphawidth=\skip55
\shorthandwidth=\skip56
\biblabelsep=\skip57
\bibitemsep=\skip58
\bibnamesep=\skip59
\bibinitsep=\skip60
\bibparsep=\skip61
\bibhang=\skip62
\blx@bcfin=\read1
\blx@bcfout=\write3
\c@mincomprange=\count149
\c@maxcomprange=\count150
\c@mincompwidth=\count151
Package biblatex Info: Trying to load biblatex default data model...
Package biblatex Info: ... file 'blx-dm.def' found.

(/nfs4/merkurius.ita.chalmers.se/sw/unsup/texlive-2012/texlive/texmf-dist/tex/l
atex/biblatex/blx-dm.def)
Package biblatex Info: Trying to load biblatex citestyle data model...
Package biblatex Info: ... file 'numeric-comp.dbx' not found.
Package biblatex Info: Trying to load biblatex custom data model...
Package biblatex Info: ... file 'biblatex-dm.cfg' not found.
\c@afterword=\count152
\c@savedafterword=\count153
\c@annotator=\count154
\c@savedannotator=\count155
\c@author=\count156
\c@savedauthor=\count157
\c@bookauthor=\count158
\c@savedbookauthor=\count159
\c@commentator=\count160
\c@savedcommentator=\count161
\c@editor=\count162
\c@savededitor=\count163
\c@editora=\count164
\c@savededitora=\count165
\c@editorb=\count166
\c@savededitorb=\count167
\c@editorc=\count168
\c@savededitorc=\count169
\c@foreword=\count170
\c@savedforeword=\count171
\c@holder=\count172
\c@savedholder=\count173
\c@introduction=\count174
\c@savedintroduction=\count175
\c@namea=\count176
\c@savednamea=\count177
\c@nameb=\count178
\c@savednameb=\count179
\c@namec=\count180
\c@savednamec=\count181
\c@shortauthor=\count182
\c@savedshortauthor=\count183
\c@shorteditor=\count184
\c@savedshorteditor=\count185
\c@translator=\count186
\c@savedtranslator=\count187
\c@labelname=\count188
\c@savedlabelname=\count189
\c@institution=\count190
\c@savedinstitution=\count191
\c@lista=\count192
\c@savedlista=\count193
\c@listb=\count194
\c@savedlistb=\count195
\c@listc=\count196
\c@savedlistc=\count197
\c@listd=\count198
\c@savedlistd=\count199
\c@liste=\count200
\c@savedliste=\count201
\c@listf=\count202
\c@savedlistf=\count203
\c@location=\count204
\c@savedlocation=\count205
\c@organization=\count206
\c@savedorganization=\count207
\c@origlocation=\count208
\c@savedoriglocation=\count209
\c@origpublisher=\count210
\c@savedorigpublisher=\count211
\c@publisher=\count212
\c@savedpublisher=\count213
\c@language=\count214
\c@savedlanguage=\count215
\c@pageref=\count216
\c@savedpageref=\count217
Package biblatex Info: Trying to load compatibility code...
Package biblatex Info: ... file 'blx-compat.def' found.

(/nfs4/merkurius.ita.chalmers.se/sw/unsup/texlive-2012/texlive/texmf-dist/tex/l
atex/biblatex/blx-compat.def
File: blx-compat.def 2013/01/10 v2.5 biblatex compatibility (PK/JW/AB)
)
Package biblatex Info: Trying to load generic definitions...
Package biblatex Info: ... file 'biblatex.def' found.

(/nfs4/merkurius.ita.chalmers.se/sw/unsup/texlive-2012/texlive/texmf-dist/tex/l
atex/biblatex/biblatex.def
File: biblatex.def 
\c@biburlnumpenalty=\count218
\c@biburlucpenalty=\count219
\c@biburllcpenalty=\count220
\c@smartand=\count221
)
Package biblatex Info: Trying to load natbib compatibility...
Package biblatex Info: ... file 'blx-natbib.def' found.

(/nfs4/merkurius.ita.chalmers.se/sw/unsup/texlive-2012/texlive/texmf-dist/tex/l
atex/biblatex/blx-natbib.def
File: blx-natbib.def 2013/01/10 v2.5 biblatex compatibility (PK/JW/AB)
)
Package biblatex Info: Trying to load bibliography style 'numeric'...
Package biblatex Info: ... file 'numeric.bbx' found.

(/nfs4/merkurius.ita.chalmers.se/sw/unsup/texlive-2012/texlive/texmf-dist/tex/l
atex/biblatex/bbx/numeric.bbx
File: numeric.bbx 2013/01/10 v2.5 biblatex bibliography style (PK/JW/AB)
Package biblatex Info: Trying to load bibliography style 'standard'...
Package biblatex Info: ... file 'standard.bbx' found.

(/nfs4/merkurius.ita.chalmers.se/sw/unsup/texlive-2012/texlive/texmf-dist/tex/l
atex/biblatex/bbx/standard.bbx
File: standard.bbx 2013/01/10 v2.5 biblatex bibliography style (PK/JW/AB)
\c@bbx:relatedcount=\count222
\c@bbx:relatedtotal=\count223
))
Package biblatex Info: Trying to load citation style 'numeric-comp'...
Package biblatex Info: ... file 'numeric-comp.cbx' found.

(/nfs4/merkurius.ita.chalmers.se/sw/unsup/texlive-2012/texlive/texmf-dist/tex/l
atex/biblatex/cbx/numeric-comp.cbx
File: numeric-comp.cbx 2013/01/10 v2.5 biblatex citation style (PK/JW/AB)
\c@cbx@tempcnta=\count224
\c@cbx@tempcntb=\count225
Package biblatex Info: Redefining '\cite'.
Package biblatex Info: Redefining '\parencite'.
Package biblatex Info: Redefining '\footcite'.
Package biblatex Info: Redefining '\footcitetext'.
Package biblatex Info: Redefining '\smartcite'.
Package biblatex Info: Redefining '\textcite'.
Package biblatex Info: Redefining '\supercite'.
Package biblatex Info: Redefining '\cites'.
Package biblatex Info: Redefining '\parencites'.
Package biblatex Info: Redefining '\smartcites'.
)
Package biblatex Info: Trying to load configuration file...
Package biblatex Info: ... file 'biblatex.cfg' found.

(/nfs4/merkurius.ita.chalmers.se/sw/unsup/texlive-2012/texlive/texmf-dist/tex/l
atex/biblatex/biblatex.cfg
File: biblatex.cfg 
)))
(/nfs4/merkurius.ita.chalmers.se/sw/unsup/texlive-2012/texlive/texmf-dist/tex/l
atex/graphics/color.sty
Package: color 2005/11/14 v1.0j Standard LaTeX Color (DPC)

(/nfs4/merkurius.ita.chalmers.se/sw/unsup/texlive-2012/texlive/texmf-dist/tex/l
atex/latexconfig/color.cfg
File: color.cfg 2007/01/18 v1.5 color configuration of teTeX/TeXLive
)
Package color Info: Driver file: pdftex.def on input line 130.

(/nfs4/merkurius.ita.chalmers.se/sw/unsup/texlive-2012/texlive/texmf-dist/tex/l
atex/pdftex-def/pdftex.def
File: pdftex.def 2011/05/27 v0.06d Graphics/color for pdfTeX
\Gread@gobject=\count226
))
(/nfs4/merkurius.ita.chalmers.se/sw/unsup/texlive-2012/texlive/texmf-dist/tex/l
atex/xcolor/xcolor.sty
Package: xcolor 2007/01/21 v2.11 LaTeX color extensions (UK)

(/nfs4/merkurius.ita.chalmers.se/sw/unsup/texlive-2012/texlive/texmf-dist/tex/l
atex/latexconfig/color.cfg
File: color.cfg 2007/01/18 v1.5 color configuration of teTeX/TeXLive
)
Package xcolor Info: Package option `usenames' ignored on input line 216.
Package xcolor Info: Driver file: pdftex.def on input line 225.

(/nfs4/merkurius.ita.chalmers.se/sw/unsup/texlive-2012/texlive/texmf-dist/tex/l
atex/colortbl/colortbl.sty
Package: colortbl 2012/02/13 v1.0a Color table columns (DPC)

(/nfs4/merkurius.ita.chalmers.se/sw/unsup/texlive-2012/texlive/texmf-dist/tex/l
atex/tools/array.sty
Package: array 2008/09/09 v2.4c Tabular extension package (FMi)
\col@sep=\dimen117
\extrarowheight=\dimen118
\NC@list=\toks20
\extratabsurround=\skip63
\backup@length=\skip64
)
\everycr=\toks21
\minrowclearance=\skip65
)
LaTeX Info: Redefining \color on input line 702.
\rownum=\count227
Package xcolor Info: Model `cmy' substituted by `cmy0' on input line 1337.
Package xcolor Info: Model `hsb' substituted by `rgb' on input line 1341.
Package xcolor Info: Model `RGB' extended on input line 1353.
Package xcolor Info: Model `HTML' substituted by `rgb' on input line 1355.
Package xcolor Info: Model `Hsb' substituted by `hsb' on input line 1356.
Package xcolor Info: Model `tHsb' substituted by `hsb' on input line 1357.
Package xcolor Info: Model `HSB' substituted by `hsb' on input line 1358.
Package xcolor Info: Model `Gray' substituted by `gray' on input line 1359.
Package xcolor Info: Model `wave' substituted by `hsb' on input line 1360.

(/nfs4/merkurius.ita.chalmers.se/sw/unsup/texlive-2012/texlive/texmf-dist/tex/l
atex/graphics/dvipsnam.def
File: dvipsnam.def 1999/02/16 v3.0i Driver-dependant file (DPC,SPQR)
)
(/nfs4/merkurius.ita.chalmers.se/sw/unsup/texlive-2012/texlive/texmf-dist/tex/l
atex/xcolor/svgnam.def
File: svgnam.def 2007/01/21 v2.11 Predefined colors according to SVG 1.1 (UK)
))
(/nfs4/merkurius.ita.chalmers.se/sw/unsup/texlive-2012/texlive/texmf-dist/tex/l
atex/amsmath/amsmath.sty
Package: amsmath 2000/07/18 v2.13 AMS math features
\@mathmargin=\skip66

For additional information on amsmath, use the `?' option.

(/nfs4/merkurius.ita.chalmers.se/sw/unsup/texlive-2012/texlive/texmf-dist/tex/l
atex/amsmath/amstext.sty
Package: amstext 2000/06/29 v2.01

(/nfs4/merkurius.ita.chalmers.se/sw/unsup/texlive-2012/texlive/texmf-dist/tex/l
atex/amsmath/amsgen.sty
File: amsgen.sty 1999/11/30 v2.0
\@emptytoks=\toks22
\ex@=\dimen119
))
(/nfs4/merkurius.ita.chalmers.se/sw/unsup/texlive-2012/texlive/texmf-dist/tex/l
atex/amsmath/amsbsy.sty
Package: amsbsy 1999/11/29 v1.2d
\pmbraise@=\dimen120
)
(/nfs4/merkurius.ita.chalmers.se/sw/unsup/texlive-2012/texlive/texmf-dist/tex/l
atex/amsmath/amsopn.sty
Package: amsopn 1999/12/14 v2.01 operator names
)
\inf@bad=\count228
LaTeX Info: Redefining \frac on input line 211.
\uproot@=\count229
\leftroot@=\count230
LaTeX Info: Redefining \overline on input line 307.
\classnum@=\count231
\DOTSCASE@=\count232
LaTeX Info: Redefining \ldots on input line 379.
LaTeX Info: Redefining \dots on input line 382.
LaTeX Info: Redefining \cdots on input line 467.
\Mathstrutbox@=\box26
\strutbox@=\box27
\big@size=\dimen121
LaTeX Font Info:    Redeclaring font encoding OML on input line 567.
LaTeX Font Info:    Redeclaring font encoding OMS on input line 568.
\macc@depth=\count233
Normal \count register pool exhausted, switching to extended pool.
\c@MaxMatrixCols=\count277
\dotsspace@=\muskip11
\c@parentequation=\count278
\dspbrk@lvl=\count279
\tag@help=\toks23
\row@=\count280
\column@=\count281
\maxfields@=\count282
\andhelp@=\toks24
\eqnshift@=\dimen122
\alignsep@=\dimen123
\tagshift@=\dimen124
\tagwidth@=\dimen125
\totwidth@=\dimen126
\lineht@=\dimen127
\@envbody=\toks25
\multlinegap=\skip67
\multlinetaggap=\skip68
\mathdisplay@stack=\toks26
LaTeX Info: Redefining \[ on input line 2666.
LaTeX Info: Redefining \] on input line 2667.
)
(/nfs4/merkurius.ita.chalmers.se/sw/unsup/texlive-2012/texlive/texmf-dist/tex/l
atex/amscls/amsthm.sty
Package: amsthm 2009/07/02 v2.20.1
\thm@style=\toks27
\thm@bodyfont=\toks28
\thm@headfont=\toks29
\thm@notefont=\toks30
\thm@headpunct=\toks31
\thm@preskip=\skip69
\thm@postskip=\skip70
\thm@headsep=\skip71
\dth@everypar=\toks32
)
(/nfs4/merkurius.ita.chalmers.se/sw/unsup/texlive-2012/texlive/texmf-dist/tex/l
atex/amsfonts/amsfonts.sty
Package: amsfonts 2013/01/14 v3.01 Basic AMSFonts support
\symAMSa=\mathgroup4
\symAMSb=\mathgroup5
LaTeX Font Info:    Overwriting math alphabet `\mathfrak' in version `bold'
(Font)                  U/euf/m/n --> U/euf/b/n on input line 106.
)
(/nfs4/merkurius.ita.chalmers.se/sw/unsup/texlive-2012/texlive/texmf-dist/tex/l
atex/breakurl/breakurl.sty
Package: breakurl 2009/01/24 v1.30 Breakable hyperref URLs

(/nfs4/merkurius.ita.chalmers.se/sw/unsup/texlive-2012/texlive/texmf-dist/tex/l
atex/xkeyval/xkeyval.sty
Package: xkeyval 2012/10/14 v2.6b package option processing (HA)

(/nfs4/merkurius.ita.chalmers.se/sw/unsup/texlive-2012/texlive/texmf-dist/tex/g
eneric/xkeyval/xkeyval.tex
\XKV@toks=\toks33
\XKV@tempa@toks=\toks34
\XKV@depth=\count283
File: xkeyval.tex 2012/10/14 v2.6b key=value parser (HA)
))

Package breakurl Warning: You are using breakurl while processing via pdflatex.

(breakurl)                \burl will be just a synonym of \url.
(breakurl)                 on input line 47.

)
(/nfs4/merkurius.ita.chalmers.se/sw/unsup/texlive-2012/texlive/texmf-dist/tex/l
atex/paralist/paralist.sty
Package: paralist 2002/03/18 v2.3b Extended list environments (BS)
\pltopsep=\skip72
\plpartopsep=\skip73
\plitemsep=\skip74
\plparsep=\skip75
\pl@lab=\toks35
)
(/nfs4/merkurius.ita.chalmers.se/sw/unsup/texlive-2012/texlive/texmf-dist/tex/l
atex/graphics/graphicx.sty
Package: graphicx 1999/02/16 v1.0f Enhanced LaTeX Graphics (DPC,SPQR)

(/nfs4/merkurius.ita.chalmers.se/sw/unsup/texlive-2012/texlive/texmf-dist/tex/l
atex/graphics/graphics.sty
Package: graphics 2009/02/05 v1.0o Standard LaTeX Graphics (DPC,SPQR)

(/nfs4/merkurius.ita.chalmers.se/sw/unsup/texlive-2012/texlive/texmf-dist/tex/l
atex/graphics/trig.sty
Package: trig 1999/03/16 v1.09 sin cos tan (DPC)
)
(/nfs4/merkurius.ita.chalmers.se/sw/unsup/texlive-2012/texlive/texmf-dist/tex/l
atex/latexconfig/graphics.cfg
File: graphics.cfg 2010/04/23 v1.9 graphics configuration of TeX Live
)
Package graphics Info: Driver file: pdftex.def on input line 91.
)
\Gin@req@height=\dimen128
\Gin@req@width=\dimen129
)
(/nfs4/merkurius.ita.chalmers.se/sw/unsup/texlive-2012/texlive/texmf-dist/tex/l
atex/graphics/epsfig.sty
Package: epsfig 1999/02/16 v1.7a (e)psfig emulation (SPQR)
\epsfxsize=\dimen130
\epsfysize=\dimen131
)
(/nfs4/merkurius.ita.chalmers.se/sw/unsup/texlive-2012/texlive/texmf-dist/tex/l
atex/tools/tabularx.sty
Package: tabularx 1999/01/07 v2.07 `tabularx' package (DPC)
\TX@col@width=\dimen132
\TX@old@table=\dimen133
\TX@old@col=\dimen134
\TX@target=\dimen135
\TX@delta=\dimen136
\TX@cols=\count284
\TX@ftn=\toks36
)
(/nfs4/merkurius.ita.chalmers.se/sw/unsup/texlive-2012/texlive/texmf-dist/tex/l
atex/subfigure/subfigure.sty
Package: subfigure 2002/03/15 v2.1.5 subfigure package
\subfigtopskip=\skip76
\subfigcapskip=\skip77
\subfigcaptopadj=\dimen137
\subfigbottomskip=\skip78
\subfigcapmargin=\dimen138
\subfiglabelskip=\skip79
\c@subfigure=\count285
\c@lofdepth=\count286
\c@subtable=\count287
\c@lotdepth=\count288

****************************************
* Local config file subfigure.cfg used *
****************************************

(/nfs4/merkurius.ita.chalmers.se/sw/unsup/texlive-2012/texlive/texmf-dist/tex/l
atex/subfigure/subfigure.cfg)
\subfig@top=\skip80
\subfig@bottom=\skip81
)
(/nfs4/merkurius.ita.chalmers.se/sw/unsup/texlive-2012/texlive/texmf-dist/tex/l
atex/footmisc/footmisc.sty
Package: footmisc 2011/06/06 v5.5b a miscellany of footnote facilities
\FN@temptoken=\toks37
\footnotemargin=\dimen139
\c@pp@next@reset=\count289
Package footmisc Info: Declaring symbol style bringhurst on input line 855.
Package footmisc Info: Declaring symbol style chicago on input line 863.
Package footmisc Info: Declaring symbol style wiley on input line 872.
Package footmisc Info: Declaring symbol style lamport-robust on input line 883.

Package footmisc Info: Declaring symbol style lamport* on input line 903.
Package footmisc Info: Declaring symbol style lamport*-robust on input line 924
.
)
(/nfs4/merkurius.ita.chalmers.se/sw/unsup/texlive-2012/texlive/texmf-dist/tex/l
atex/listings/listings.sty
\lst@mode=\count290
\lst@gtempboxa=\box28
\lst@token=\toks38
\lst@length=\count291
\lst@currlwidth=\dimen140
\lst@column=\count292
\lst@pos=\count293
\lst@lostspace=\dimen141
\lst@width=\dimen142
\lst@newlines=\count294
\lst@lineno=\count295
\lst@maxwidth=\dimen143

(/nfs4/merkurius.ita.chalmers.se/sw/unsup/texlive-2012/texlive/texmf-dist/tex/l
atex/listings/lstmisc.sty
File: lstmisc.sty 2007/02/22 1.4 (Carsten Heinz)
\c@lstnumber=\count296
\lst@skipnumbers=\count297
\lst@framebox=\box29
)
(/nfs4/merkurius.ita.chalmers.se/sw/unsup/texlive-2012/texlive/texmf-dist/tex/l
atex/listings/listings.cfg
File: listings.cfg 2007/02/22 1.4 listings configuration
))
Package: listings 2007/02/22 1.4 (Carsten Heinz)

(/nfs4/merkurius.ita.chalmers.se/sw/unsup/texlive-2012/texlive/texmf-dist/tex/l
atex/listings/lstlang1.sty
File: lstlang1.sty 2004/09/05 1.3 listings language file
)
(/nfs4/merkurius.ita.chalmers.se/sw/unsup/texlive-2012/texlive/texmf-dist/tex/l
atex/listings/lstlang1.sty
File: lstlang1.sty 2004/09/05 1.3 listings language file
)
(/nfs4/merkurius.ita.chalmers.se/sw/unsup/texlive-2012/texlive/texmf-dist/tex/l
atex/tools/hhline.sty
Package: hhline 1994/05/23 v2.03 Table rule package (DPC)
)
(/nfs4/merkurius.ita.chalmers.se/sw/unsup/texlive-2012/texlive/texmf-dist/tex/l
atex/booktabs/booktabs.sty
Package: booktabs 2005/04/14 v1.61803 publication quality tables
\heavyrulewidth=\dimen144
\lightrulewidth=\dimen145
\cmidrulewidth=\dimen146
\belowrulesep=\dimen147
\belowbottomsep=\dimen148
\aboverulesep=\dimen149
\abovetopsep=\dimen150
\cmidrulesep=\dimen151
\cmidrulekern=\dimen152
\defaultaddspace=\dimen153
\@cmidla=\count298
\@cmidlb=\count299
\@aboverulesep=\dimen154
\@belowrulesep=\dimen155
\@thisruleclass=\count300
\@lastruleclass=\count301
\@thisrulewidth=\dimen156
)
(/nfs4/merkurius.ita.chalmers.se/sw/unsup/texlive-2012/texlive/texmf-dist/tex/l
atex/caption/caption.sty
Package: caption 2013/02/03 v3.3-65 Customizing captions (AR)

(/nfs4/merkurius.ita.chalmers.se/sw/unsup/texlive-2012/texlive/texmf-dist/tex/l
atex/caption/caption3.sty
Package: caption3 2013/02/03 v1.5-62 caption3 kernel (AR)
\captionmargin=\dimen157
\captionmargin@=\dimen158
\captionwidth=\dimen159
\caption@tempdima=\dimen160
\caption@indent=\dimen161
\caption@parindent=\dimen162
\caption@hangindent=\dimen163
)
\c@ContinuedFloat=\count302
Package caption Info: hyperref package is loaded.
Package caption Info: listings package is loaded.
Package caption Info: subfigure package is loaded.
)
(/nfs4/merkurius.ita.chalmers.se/sw/unsup/texlive-2012/texlive/texmf-dist/tex/l
atex/setspace/setspace.sty
Package: setspace 2011/12/19 v6.7a set line spacing
)
(/nfs4/merkurius.ita.chalmers.se/sw/unsup/texlive-2012/texlive/texmf-dist/tex/l
atex/todonotes/todonotes.sty
Package: todonotes 2012/07/25 .dtx Todonotes source and documentation.
Package: todonotes 2012/07/25

(/nfs4/merkurius.ita.chalmers.se/sw/unsup/texlive-2012/texlive/texmf-dist/tex/l
atex/pgf/frontendlayer/tikz.sty
(/nfs4/merkurius.ita.chalmers.se/sw/unsup/texlive-2012/texlive/texmf-dist/tex/l
atex/pgf/basiclayer/pgf.sty
(/nfs4/merkurius.ita.chalmers.se/sw/unsup/texlive-2012/texlive/texmf-dist/tex/l
atex/pgf/utilities/pgfrcs.sty
(/nfs4/merkurius.ita.chalmers.se/sw/unsup/texlive-2012/texlive/texmf-dist/tex/g
eneric/pgf/utilities/pgfutil-common.tex
\pgfutil@everybye=\toks39
)
(/nfs4/merkurius.ita.chalmers.se/sw/unsup/texlive-2012/texlive/texmf-dist/tex/g
eneric/pgf/utilities/pgfutil-latex.def
\pgfutil@abb=\box30

(/nfs4/merkurius.ita.chalmers.se/sw/unsup/texlive-2012/texlive/texmf-dist/tex/l
atex/ms/everyshi.sty
Package: everyshi 2001/05/15 v3.00 EveryShipout Package (MS)
))
(/nfs4/merkurius.ita.chalmers.se/sw/unsup/texlive-2012/texlive/texmf-dist/tex/g
eneric/pgf/utilities/pgfrcs.code.tex
Package: pgfrcs 2010/10/25 v2.10 (rcs-revision 1.24)
))
Package: pgf 2008/01/15 v2.10 (rcs-revision 1.12)

(/nfs4/merkurius.ita.chalmers.se/sw/unsup/texlive-2012/texlive/texmf-dist/tex/l
atex/pgf/basiclayer/pgfcore.sty
(/nfs4/merkurius.ita.chalmers.se/sw/unsup/texlive-2012/texlive/texmf-dist/tex/l
atex/pgf/systemlayer/pgfsys.sty
(/nfs4/merkurius.ita.chalmers.se/sw/unsup/texlive-2012/texlive/texmf-dist/tex/g
eneric/pgf/systemlayer/pgfsys.code.tex
Package: pgfsys 2010/06/30 v2.10 (rcs-revision 1.37)

(/nfs4/merkurius.ita.chalmers.se/sw/unsup/texlive-2012/texlive/texmf-dist/tex/g
eneric/pgf/utilities/pgfkeys.code.tex
\pgfkeys@pathtoks=\toks40
\pgfkeys@temptoks=\toks41

(/nfs4/merkurius.ita.chalmers.se/sw/unsup/texlive-2012/texlive/texmf-dist/tex/g
eneric/pgf/utilities/pgfkeysfiltered.code.tex
\pgfkeys@tmptoks=\toks42
))
\pgf@x=\dimen164
\pgf@y=\dimen165
\pgf@xa=\dimen166
\pgf@ya=\dimen167
\pgf@xb=\dimen168
\pgf@yb=\dimen169
\pgf@xc=\dimen170
\pgf@yc=\dimen171
\w@pgf@writea=\write4
\r@pgf@reada=\read2
\c@pgf@counta=\count303
\c@pgf@countb=\count304
\c@pgf@countc=\count305
\c@pgf@countd=\count306

(/nfs4/merkurius.ita.chalmers.se/sw/unsup/texlive-2012/texlive/texmf-dist/tex/g
eneric/pgf/systemlayer/pgf.cfg
File: pgf.cfg 2008/05/14  (rcs-revision 1.7)
)
Package pgfsys Info: Driver file for pgf: pgfsys-pdftex.def on input line 900.

(/nfs4/merkurius.ita.chalmers.se/sw/unsup/texlive-2012/texlive/texmf-dist/tex/g
eneric/pgf/systemlayer/pgfsys-pdftex.def
File: pgfsys-pdftex.def 2009/05/22  (rcs-revision 1.26)

(/nfs4/merkurius.ita.chalmers.se/sw/unsup/texlive-2012/texlive/texmf-dist/tex/g
eneric/pgf/systemlayer/pgfsys-common-pdf.def
File: pgfsys-common-pdf.def 2008/05/19  (rcs-revision 1.10)
)))
(/nfs4/merkurius.ita.chalmers.se/sw/unsup/texlive-2012/texlive/texmf-dist/tex/g
eneric/pgf/systemlayer/pgfsyssoftpath.code.tex
File: pgfsyssoftpath.code.tex 2008/07/18  (rcs-revision 1.7)
\pgfsyssoftpath@smallbuffer@items=\count307
\pgfsyssoftpath@bigbuffer@items=\count308
)
(/nfs4/merkurius.ita.chalmers.se/sw/unsup/texlive-2012/texlive/texmf-dist/tex/g
eneric/pgf/systemlayer/pgfsysprotocol.code.tex
File: pgfsysprotocol.code.tex 2006/10/16  (rcs-revision 1.4)
))
(/nfs4/merkurius.ita.chalmers.se/sw/unsup/texlive-2012/texlive/texmf-dist/tex/g
eneric/pgf/basiclayer/pgfcore.code.tex
Package: pgfcore 2010/04/11 v2.10 (rcs-revision 1.7)

(/nfs4/merkurius.ita.chalmers.se/sw/unsup/texlive-2012/texlive/texmf-dist/tex/g
eneric/pgf/math/pgfmath.code.tex
(/nfs4/merkurius.ita.chalmers.se/sw/unsup/texlive-2012/texlive/texmf-dist/tex/g
eneric/pgf/math/pgfmathcalc.code.tex
(/nfs4/merkurius.ita.chalmers.se/sw/unsup/texlive-2012/texlive/texmf-dist/tex/g
eneric/pgf/math/pgfmathutil.code.tex)
(/nfs4/merkurius.ita.chalmers.se/sw/unsup/texlive-2012/texlive/texmf-dist/tex/g
eneric/pgf/math/pgfmathparser.code.tex
\pgfmath@dimen=\dimen172
\pgfmath@count=\count309
\pgfmath@box=\box31
\pgfmath@toks=\toks43
\pgfmath@stack@operand=\toks44
\pgfmath@stack@operation=\toks45
)
(/nfs4/merkurius.ita.chalmers.se/sw/unsup/texlive-2012/texlive/texmf-dist/tex/g
eneric/pgf/math/pgfmathfunctions.code.tex
(/nfs4/merkurius.ita.chalmers.se/sw/unsup/texlive-2012/texlive/texmf-dist/tex/g
eneric/pgf/math/pgfmathfunctions.basic.code.tex)
(/nfs4/merkurius.ita.chalmers.se/sw/unsup/texlive-2012/texlive/texmf-dist/tex/g
eneric/pgf/math/pgfmathfunctions.trigonometric.code.tex)
(/nfs4/merkurius.ita.chalmers.se/sw/unsup/texlive-2012/texlive/texmf-dist/tex/g
eneric/pgf/math/pgfmathfunctions.random.code.tex)
(/nfs4/merkurius.ita.chalmers.se/sw/unsup/texlive-2012/texlive/texmf-dist/tex/g
eneric/pgf/math/pgfmathfunctions.comparison.code.tex)
(/nfs4/merkurius.ita.chalmers.se/sw/unsup/texlive-2012/texlive/texmf-dist/tex/g
eneric/pgf/math/pgfmathfunctions.base.code.tex)
(/nfs4/merkurius.ita.chalmers.se/sw/unsup/texlive-2012/texlive/texmf-dist/tex/g
eneric/pgf/math/pgfmathfunctions.round.code.tex)
(/nfs4/merkurius.ita.chalmers.se/sw/unsup/texlive-2012/texlive/texmf-dist/tex/g
eneric/pgf/math/pgfmathfunctions.misc.code.tex)))
(/nfs4/merkurius.ita.chalmers.se/sw/unsup/texlive-2012/texlive/texmf-dist/tex/g
eneric/pgf/math/pgfmathfloat.code.tex
\c@pgfmathroundto@lastzeros=\count310
))
(/nfs4/merkurius.ita.chalmers.se/sw/unsup/texlive-2012/texlive/texmf-dist/tex/g
eneric/pgf/basiclayer/pgfcorepoints.code.tex
File: pgfcorepoints.code.tex 2010/04/09  (rcs-revision 1.20)
\pgf@picminx=\dimen173
\pgf@picmaxx=\dimen174
\pgf@picminy=\dimen175
\pgf@picmaxy=\dimen176
\pgf@pathminx=\dimen177
\pgf@pathmaxx=\dimen178
\pgf@pathminy=\dimen179
\pgf@pathmaxy=\dimen180
\pgf@xx=\dimen181
\pgf@xy=\dimen182
\pgf@yx=\dimen183
\pgf@yy=\dimen184
\pgf@zx=\dimen185
\pgf@zy=\dimen186
)
(/nfs4/merkurius.ita.chalmers.se/sw/unsup/texlive-2012/texlive/texmf-dist/tex/g
eneric/pgf/basiclayer/pgfcorepathconstruct.code.tex
File: pgfcorepathconstruct.code.tex 2010/08/03  (rcs-revision 1.24)
\pgf@path@lastx=\dimen187
\pgf@path@lasty=\dimen188
)
(/nfs4/merkurius.ita.chalmers.se/sw/unsup/texlive-2012/texlive/texmf-dist/tex/g
eneric/pgf/basiclayer/pgfcorepathusage.code.tex
File: pgfcorepathusage.code.tex 2008/04/22  (rcs-revision 1.12)
\pgf@shorten@end@additional=\dimen189
\pgf@shorten@start@additional=\dimen190
)
(/nfs4/merkurius.ita.chalmers.se/sw/unsup/texlive-2012/texlive/texmf-dist/tex/g
eneric/pgf/basiclayer/pgfcorescopes.code.tex
File: pgfcorescopes.code.tex 2010/09/08  (rcs-revision 1.34)
\pgfpic=\box32
\pgf@hbox=\box33
\pgf@layerbox@main=\box34
\pgf@picture@serial@count=\count311
)
(/nfs4/merkurius.ita.chalmers.se/sw/unsup/texlive-2012/texlive/texmf-dist/tex/g
eneric/pgf/basiclayer/pgfcoregraphicstate.code.tex
File: pgfcoregraphicstate.code.tex 2008/04/22  (rcs-revision 1.9)
\pgflinewidth=\dimen191
)
(/nfs4/merkurius.ita.chalmers.se/sw/unsup/texlive-2012/texlive/texmf-dist/tex/g
eneric/pgf/basiclayer/pgfcoretransformations.code.tex
File: pgfcoretransformations.code.tex 2009/06/10  (rcs-revision 1.11)
\pgf@pt@x=\dimen192
\pgf@pt@y=\dimen193
\pgf@pt@temp=\dimen194
)
(/nfs4/merkurius.ita.chalmers.se/sw/unsup/texlive-2012/texlive/texmf-dist/tex/g
eneric/pgf/basiclayer/pgfcorequick.code.tex
File: pgfcorequick.code.tex 2008/10/09  (rcs-revision 1.3)
)
(/nfs4/merkurius.ita.chalmers.se/sw/unsup/texlive-2012/texlive/texmf-dist/tex/g
eneric/pgf/basiclayer/pgfcoreobjects.code.tex
File: pgfcoreobjects.code.tex 2006/10/11  (rcs-revision 1.2)
)
(/nfs4/merkurius.ita.chalmers.se/sw/unsup/texlive-2012/texlive/texmf-dist/tex/g
eneric/pgf/basiclayer/pgfcorepathprocessing.code.tex
File: pgfcorepathprocessing.code.tex 2008/10/09  (rcs-revision 1.8)
)
(/nfs4/merkurius.ita.chalmers.se/sw/unsup/texlive-2012/texlive/texmf-dist/tex/g
eneric/pgf/basiclayer/pgfcorearrows.code.tex
File: pgfcorearrows.code.tex 2008/04/23  (rcs-revision 1.11)
)
(/nfs4/merkurius.ita.chalmers.se/sw/unsup/texlive-2012/texlive/texmf-dist/tex/g
eneric/pgf/basiclayer/pgfcoreshade.code.tex
File: pgfcoreshade.code.tex 2008/11/23  (rcs-revision 1.13)
\pgf@max=\dimen195
\pgf@sys@shading@range@num=\count312
)
(/nfs4/merkurius.ita.chalmers.se/sw/unsup/texlive-2012/texlive/texmf-dist/tex/g
eneric/pgf/basiclayer/pgfcoreimage.code.tex
File: pgfcoreimage.code.tex 2010/03/25  (rcs-revision 1.16)

(/nfs4/merkurius.ita.chalmers.se/sw/unsup/texlive-2012/texlive/texmf-dist/tex/g
eneric/pgf/basiclayer/pgfcoreexternal.code.tex
File: pgfcoreexternal.code.tex 2010/09/01  (rcs-revision 1.17)
\pgfexternal@startupbox=\box35
))
(/nfs4/merkurius.ita.chalmers.se/sw/unsup/texlive-2012/texlive/texmf-dist/tex/g
eneric/pgf/basiclayer/pgfcorelayers.code.tex
File: pgfcorelayers.code.tex 2010/08/27  (rcs-revision 1.2)
)
(/nfs4/merkurius.ita.chalmers.se/sw/unsup/texlive-2012/texlive/texmf-dist/tex/g
eneric/pgf/basiclayer/pgfcoretransparency.code.tex
File: pgfcoretransparency.code.tex 2008/01/17  (rcs-revision 1.2)
)
(/nfs4/merkurius.ita.chalmers.se/sw/unsup/texlive-2012/texlive/texmf-dist/tex/g
eneric/pgf/basiclayer/pgfcorepatterns.code.tex
File: pgfcorepatterns.code.tex 2009/07/02  (rcs-revision 1.3)
)))
(/nfs4/merkurius.ita.chalmers.se/sw/unsup/texlive-2012/texlive/texmf-dist/tex/g
eneric/pgf/modules/pgfmoduleshapes.code.tex
File: pgfmoduleshapes.code.tex 2010/09/09  (rcs-revision 1.13)
\pgfnodeparttextbox=\box36
)
(/nfs4/merkurius.ita.chalmers.se/sw/unsup/texlive-2012/texlive/texmf-dist/tex/g
eneric/pgf/modules/pgfmoduleplot.code.tex
File: pgfmoduleplot.code.tex 2010/10/22  (rcs-revision 1.8)
)
(/nfs4/merkurius.ita.chalmers.se/sw/unsup/texlive-2012/texlive/texmf-dist/tex/l
atex/pgf/compatibility/pgfcomp-version-0-65.sty
Package: pgfcomp-version-0-65 2007/07/03 v2.10 (rcs-revision 1.7)
\pgf@nodesepstart=\dimen196
\pgf@nodesepend=\dimen197
)
(/nfs4/merkurius.ita.chalmers.se/sw/unsup/texlive-2012/texlive/texmf-dist/tex/l
atex/pgf/compatibility/pgfcomp-version-1-18.sty
Package: pgfcomp-version-1-18 2007/07/23 v2.10 (rcs-revision 1.1)
))
(/nfs4/merkurius.ita.chalmers.se/sw/unsup/texlive-2012/texlive/texmf-dist/tex/l
atex/pgf/utilities/pgffor.sty
(/nfs4/merkurius.ita.chalmers.se/sw/unsup/texlive-2012/texlive/texmf-dist/tex/l
atex/pgf/utilities/pgfkeys.sty
(/nfs4/merkurius.ita.chalmers.se/sw/unsup/texlive-2012/texlive/texmf-dist/tex/g
eneric/pgf/utilities/pgfkeys.code.tex))
(/nfs4/merkurius.ita.chalmers.se/sw/unsup/texlive-2012/texlive/texmf-dist/tex/g
eneric/pgf/utilities/pgffor.code.tex
Package: pgffor 2010/03/23 v2.10 (rcs-revision 1.18)
\pgffor@iter=\dimen198
\pgffor@skip=\dimen199
\pgffor@stack=\toks46
\pgffor@toks=\toks47
))
(/nfs4/merkurius.ita.chalmers.se/sw/unsup/texlive-2012/texlive/texmf-dist/tex/g
eneric/pgf/frontendlayer/tikz/tikz.code.tex
Package: tikz 2010/10/13 v2.10 (rcs-revision 1.76)

(/nfs4/merkurius.ita.chalmers.se/sw/unsup/texlive-2012/texlive/texmf-dist/tex/g
eneric/pgf/libraries/pgflibraryplothandlers.code.tex
File: pgflibraryplothandlers.code.tex 2010/05/31 v2.10 (rcs-revision 1.15)
\pgf@plot@mark@count=\count313
\pgfplotmarksize=\dimen200
)
\tikz@lastx=\dimen201
\tikz@lasty=\dimen202
\tikz@lastxsaved=\dimen203
\tikz@lastysaved=\dimen204
\tikzleveldistance=\dimen205
\tikzsiblingdistance=\dimen206
\tikz@figbox=\box37
\tikz@tempbox=\box38
\tikztreelevel=\count314
\tikznumberofchildren=\count315
\tikznumberofcurrentchild=\count316
\tikz@fig@count=\count317

(/nfs4/merkurius.ita.chalmers.se/sw/unsup/texlive-2012/texlive/texmf-dist/tex/g
eneric/pgf/modules/pgfmodulematrix.code.tex
File: pgfmodulematrix.code.tex 2010/08/24  (rcs-revision 1.4)
\pgfmatrixcurrentrow=\count318
\pgfmatrixcurrentcolumn=\count319
\pgf@matrix@numberofcolumns=\count320
)
\tikz@expandcount=\count321

(/nfs4/merkurius.ita.chalmers.se/sw/unsup/texlive-2012/texlive/texmf-dist/tex/g
eneric/pgf/frontendlayer/tikz/libraries/tikzlibrarytopaths.code.tex
File: tikzlibrarytopaths.code.tex 2008/06/17 v2.10 (rcs-revision 1.2)
)))
(/nfs4/merkurius.ita.chalmers.se/sw/unsup/texlive-2012/texlive/texmf-dist/tex/g
eneric/pgf/frontendlayer/tikz/libraries/tikzlibrarypositioning.code.tex
File: tikzlibrarypositioning.code.tex 2008/10/06 v2.10 (rcs-revision 1.7)
)
(/nfs4/merkurius.ita.chalmers.se/sw/unsup/texlive-2012/texlive/texmf-dist/tex/l
atex/tools/calc.sty
Package: calc 2007/08/22 v4.3 Infix arithmetic (KKT,FJ)
\calc@Acount=\count322
\calc@Bcount=\count323
\calc@Adimen=\dimen207
\calc@Bdimen=\dimen208
\calc@Askip=\skip82
\calc@Bskip=\skip83
LaTeX Info: Redefining \setlength on input line 76.
LaTeX Info: Redefining \addtolength on input line 77.
\calc@Ccount=\count324
\calc@Cskip=\skip84
)
\c@@todonotes@numberoftodonotes=\count325
)
Package csquotes Info: Checking for multilingual support...
Package csquotes Info: ... found 'babel' package.
Package csquotes Info: Adjusting default style.
Package csquotes Info: Redefining alias 'default' -> 'english'.
Package biblatex Info: Trying to load language 'english'...
Package biblatex Info: ... file 'english.lbx' found.

(/nfs4/merkurius.ita.chalmers.se/sw/unsup/texlive-2012/texlive/texmf-dist/tex/l
atex/biblatex/lbx/english.lbx
File: english.lbx 2013/01/10 v2.5 biblatex localization (PK/JW/AB)
) (build/report.aux)
\openout1 = `report.aux'.

LaTeX Font Info:    Checking defaults for OML/cmm/m/it on input line 133.
LaTeX Font Info:    ... okay on input line 133.
LaTeX Font Info:    Checking defaults for T1/cmr/m/n on input line 133.
LaTeX Font Info:    ... okay on input line 133.
LaTeX Font Info:    Checking defaults for OT1/cmr/m/n on input line 133.
LaTeX Font Info:    ... okay on input line 133.
LaTeX Font Info:    Checking defaults for OMS/cmsy/m/n on input line 133.
LaTeX Font Info:    ... okay on input line 133.
LaTeX Font Info:    Checking defaults for OMX/cmex/m/n on input line 133.
LaTeX Font Info:    ... okay on input line 133.
LaTeX Font Info:    Checking defaults for U/cmr/m/n on input line 133.
LaTeX Font Info:    ... okay on input line 133.
LaTeX Font Info:    Checking defaults for PD1/pdf/m/n on input line 133.
LaTeX Font Info:    ... okay on input line 133.
LaTeX Info: Redefining \microtypecontext on input line 133.
Package microtype Info: Generating PDF output.
Package microtype Info: Character protrusion enabled (level 2).
Package microtype Info: Using default protrusion set `alltext'.
Package microtype Info: Automatic font expansion enabled (level 2),
(microtype)             stretch: 20, shrink: 20, step: 1, non-selected.
Package microtype Info: Using default expansion set `basictext'.
Package microtype Info: No tracking.
Package microtype Info: No adjustment of interword spacing.
Package microtype Info: No adjustment of character kerning.

(/nfs4/merkurius.ita.chalmers.se/sw/unsup/texlive-2012/texlive/texmf-dist/tex/l
atex/microtype/mt-cmr.cfg
File: mt-cmr.cfg 2009/11/09 v2.0 microtype config. file: Computer Modern Roman 
(RS)
)
\AtBeginShipoutBox=\box39
Package hyperref Info: Link coloring OFF on input line 133.

(/nfs4/merkurius.ita.chalmers.se/sw/unsup/texlive-2012/texlive/texmf-dist/tex/l
atex/hyperref/nameref.sty
Package: nameref 2012/10/27 v2.43 Cross-referencing by name of section

(/nfs4/merkurius.ita.chalmers.se/sw/unsup/texlive-2012/texlive/texmf-dist/tex/g
eneric/oberdiek/gettitlestring.sty
Package: gettitlestring 2010/12/03 v1.4 Cleanup title references (HO)
)
\c@section@level=\count326
)
LaTeX Info: Redefining \ref on input line 133.
LaTeX Info: Redefining \pageref on input line 133.
LaTeX Info: Redefining \nameref on input line 133.
 (build/report.out) (build/report.out)
\@outlinefile=\write5
\openout5 = `report.out'.


*geometry* driver: auto-detecting
*geometry* detected driver: pdftex
*geometry* verbose mode - [ preamble ] result:
* driver: pdftex
* paper: a4paper
* layout: <same size as paper>
* layoutoffset:(h,v)=(0.0pt,0.0pt)
* modes: twoside 
* h-part:(L,W,R)=(71.70166pt, 418.25368pt, 107.55254pt)
* v-part:(T,H,B)=(101.40665pt, 591.5302pt, 152.11pt)
* \paperwidth=597.50787pt
* \paperheight=845.04684pt
* \textwidth=418.25368pt
* \textheight=591.5302pt
* \oddsidemargin=-0.56833pt
* \evensidemargin=35.28255pt
* \topmargin=-7.86334pt
* \headheight=12.0pt
* \headsep=25.0pt
* \topskip=11.0pt
* \footskip=30.0pt
* \marginparwidth=103.0pt
* \marginparsep=10.0pt
* \columnsep=10.0pt
* \skip\footins=10.0pt plus 4.0pt minus 2.0pt
* \hoffset=0.0pt
* \voffset=0.0pt
* \mag=1000
* \@twocolumnfalse
* \@twosidetrue
* \@mparswitchtrue
* \@reversemarginfalse
* (1in=72.27pt=25.4mm, 1cm=28.453pt)

Package biblatex Info: Input encoding 'utf8' detected.
Package biblatex Info: Automatic encoding selection.
(biblatex)             Assuming data encoding 'utf8'.
\openout3 = `report.bcf'.

Package biblatex Info: Trying to load bibliographic data...
Package biblatex Info: ... file 'report.bbl' found.
(build/report.bbl)
Package biblatex Info: Reference section=0 on input line 133.
Package biblatex Info: Reference segment=0 on input line 133.

(/nfs4/merkurius.ita.chalmers.se/sw/unsup/texlive-2012/texlive/texmf-dist/tex/c
ontext/base/supp-pdf.mkii
[Loading MPS to PDF converter (version 2006.09.02).]
\scratchcounter=\count327
\scratchdimen=\dimen209
\scratchbox=\box40
\nofMPsegments=\count328
\nofMParguments=\count329
\everyMPshowfont=\toks48
\MPscratchCnt=\count330
\MPscratchDim=\dimen210
\MPnumerator=\count331
\makeMPintoPDFobject=\count332
\everyMPtoPDFconversion=\toks49
)
(/nfs4/merkurius.ita.chalmers.se/sw/unsup/texlive-2012/texlive/texmf-dist/tex/l
atex/oberdiek/epstopdf-base.sty
Package: epstopdf-base 2010/02/09 v2.5 Base part for package epstopdf

(/nfs4/merkurius.ita.chalmers.se/sw/unsup/texlive-2012/texlive/texmf-dist/tex/l
atex/oberdiek/grfext.sty
Package: grfext 2010/08/19 v1.1 Manage graphics extensions (HO)
)
Package grfext Info: Graphics extension search list:
(grfext)             [.png,.pdf,.jpg,.mps,.jpeg,.jbig2,.jb2,.PNG,.PDF,.JPG,.JPE
G,.JBIG2,.JB2,.eps]
(grfext)             \AppendGraphicsExtensions on input line 452.

(/nfs4/merkurius.ita.chalmers.se/sw/unsup/texlive-2012/texlive/texmf-dist/tex/l
atex/latexconfig/epstopdf-sys.cfg
File: epstopdf-sys.cfg 2010/07/13 v1.3 Configuration of (r)epstopdf for TeX Liv
e
))
\c@lstlisting=\count333
Package caption Info: Begin \AtBeginDocument code.
Package caption Info: End \AtBeginDocument code.
 ABD: EveryShipout initializing macros
[-100

{/nfs4/merkurius.ita.chalmers.se/sw/unsup/texlive-2012/texlive/texmf-var/fonts/
map/pdftex/updmap/pdftex.map}] [-99] (build/report.toc)
\tf@toc=\write6
\openout6 = `report.toc'.

 [1] [2

]
(./intro.tex
Package hyperref Info: bookmark level for unknown todo defaults to 0 on input l
ine 10.

Underfull \hbox (badness 10000) in paragraph at lines 10--10
 
 []

LaTeX Font Info:    Try loading font information for U+msa on input line 13.

(/nfs4/merkurius.ita.chalmers.se/sw/unsup/texlive-2012/texlive/texmf-dist/tex/l
atex/amsfonts/umsa.fd
File: umsa.fd 2013/01/14 v3.01 AMS symbols A
)
(/nfs4/merkurius.ita.chalmers.se/sw/unsup/texlive-2012/texlive/texmf-dist/tex/l
atex/microtype/mt-msa.cfg
File: mt-msa.cfg 2006/02/04 v1.1 microtype config. file: AMS symbols (a) (RS)
)
LaTeX Font Info:    Try loading font information for U+msb on input line 13.

(/nfs4/merkurius.ita.chalmers.se/sw/unsup/texlive-2012/texlive/texmf-dist/tex/l
atex/amsfonts/umsb.fd
File: umsb.fd 2013/01/14 v3.01 AMS symbols B
)
(/nfs4/merkurius.ita.chalmers.se/sw/unsup/texlive-2012/texlive/texmf-dist/tex/l
atex/microtype/mt-msb.cfg
File: mt-msb.cfg 2005/06/01 v1.0 microtype config. file: AMS symbols (b) (RS)
)) [1] (./setup.tex
Package hyperref Info: bookmark level for unknown lstlisting defaults to 0 on i
nput line 10.
LaTeX Font Info:    Try loading font information for T1+cmtt on input line 10.

(/nfs4/merkurius.ita.chalmers.se/sw/unsup/texlive-2012/texlive/texmf-dist/tex/l
atex/base/t1cmtt.fd
File: t1cmtt.fd 1999/05/25 v2.5h Standard LaTeX font definitions
) (./firewall-init.txt
LaTeX Font Info:    Font shape `T1/cmtt/bx/n' in size <9> not available
(Font)              Font shape `T1/cmtt/m/n' tried instead on input line 2.
)) [2] (./config.tex
(./firewall-final.txt)) [3] (./correctness.tex) [4] (./discussion.tex) [5]
(./conclusion.tex) [6] [7] (./init-config.tex (./firewall-init.sh [8]))
[9] (./final-config.tex (./firewall-final.sh [10])) [11] (./answers.tex
Underfull \hbox (badness 10000) in paragraph at lines 3--8

 []


Underfull \hbox (badness 10000) in paragraph at lines 9--16

 []

LaTeX Font Info:    Font shape `T1/cmtt/bx/n' in size <10.95> not available
(Font)              Font shape `T1/cmtt/m/n' tried instead on input line 37.

Underfull \hbox (badness 10000) in paragraph at lines 34--39

 []


Underfull \hbox (badness 10000) in paragraph at lines 40--43

 []


Underfull \hbox (badness 10000) in paragraph at lines 44--47

 []

)
Underfull \hbox (badness 10000) in paragraph at lines 48--166

 []

Package atveryend Info: Empty hook `BeforeClearDocument' on input line 167.
[12]
Package atveryend Info: Empty hook `AfterLastShipout' on input line 167.
 (build/report.aux)
Package atveryend Info: Executing hook `AtVeryEndDocument' on input line 167.
Package atveryend Info: Executing hook `AtEndAfterFileList' on input line 167.
Package rerunfilecheck Info: File `report.out' has not changed.
(rerunfilecheck)             Checksum: <no file>.
Package logreq Info: Writing requests to 'report.run.xml'.
\openout1 = `report.run.xml'.

 ) 
Here is how much of TeX's memory you used:
 26706 strings out of 493488
 472041 string characters out of 3125159
 1180174 words of memory out of 3000000
 29256 multiletter control sequences out of 15000+200000
 18510 words of font info for 60 fonts, out of 3000000 for 9000
 957 hyphenation exceptions out of 8191
 63i,9n,97p,875b,1937s stack positions out of 5000i,500n,10000p,200000b,50000s
{/nfs4/merkurius.ita.chalmers.se/sw/unsup/texlive-2012/texlive/texmf-dist/fon
ts/enc/dvips/cm-super/cm-super-t1.enc}</nfs4/merkurius.ita.chalmers.se/sw/unsup
/texlive-2012/texlive/texmf-dist/fonts/type1/public/cm-super/sfbx1095.pfb></nfs
4/merkurius.ita.chalmers.se/sw/unsup/texlive-2012/texlive/texmf-dist/fonts/type
1/public/cm-super/sfbx1440.pfb></nfs4/merkurius.ita.chalmers.se/sw/unsup/texliv
e-2012/texlive/texmf-dist/fonts/type1/public/cm-super/sfcc1095.pfb></nfs4/merku
rius.ita.chalmers.se/sw/unsup/texlive-2012/texlive/texmf-dist/fonts/type1/publi
c/cm-super/sfit0900.pfb></nfs4/merkurius.ita.chalmers.se/sw/unsup/texlive-2012/
texlive/texmf-dist/fonts/type1/public/cm-super/sfrm0600.pfb></nfs4/merkurius.it
a.chalmers.se/sw/unsup/texlive-2012/texlive/texmf-dist/fonts/type1/public/cm-su
per/sfrm0800.pfb></nfs4/merkurius.ita.chalmers.se/sw/unsup/texlive-2012/texlive
/texmf-dist/fonts/type1/public/cm-super/sfrm1000.pfb></nfs4/merkurius.ita.chalm
ers.se/sw/unsup/texlive-2012/texlive/texmf-dist/fonts/type1/public/cm-super/sfr
m1095.pfb></nfs4/merkurius.ita.chalmers.se/sw/unsup/texlive-2012/texlive/texmf-
dist/fonts/type1/public/cm-super/sfrm2074.pfb></nfs4/merkurius.ita.chalmers.se/
sw/unsup/texlive-2012/texlive/texmf-dist/fonts/type1/public/cm-super/sfti1095.p
fb></nfs4/merkurius.ita.chalmers.se/sw/unsup/texlive-2012/texlive/texmf-dist/fo
nts/type1/public/cm-super/sftt0900.pfb></nfs4/merkurius.ita.chalmers.se/sw/unsu
p/texlive-2012/texlive/texmf-dist/fonts/type1/public/cm-super/sftt1095.pfb>
Output written on build/report.pdf (16 pages, 272931 bytes).
PDF statistics:
 432 PDF objects out of 1000 (max. 8388607)
 398 compressed objects within 4 object streams
 218 named destinations out of 1000 (max. 500000)
 18013 words of extra memory for PDF output out of 20736 (max. 10000000)

